-------------------------------------------------------------------------------
Test set: org.sang.AppTest
-------------------------------------------------------------------------------
Tests run: 1, Failures: 0, Errors: 1, Skipped: 0, Time elapsed: 0.151 s <<< FAILURE! - in org.sang.AppTest
initializationError(org.sang.AppTest)  Time elapsed: 0.003 s  <<< ERROR!
java.lang.Exception: No runnable methods

