<?xml version="1.0" encoding="UTF-8"?>
<testsuite xmlns:xsi="http://www.w3.org/2001/XMLSchema-instance" xsi:noNamespaceSchemaLocation="https://maven.apache.org/surefire/maven-surefire-plugin/xsd/surefire-test-report.xsd" name="org.talian.AppTest" time="45.593" tests="1" errors="1" skipped="0" failures="0">
  <properties>
[...]
</properties>
  <testcase name="contextLoads" classname="org.talian.AppTest" time="21.141">
    <error message="Uncategorized exception occurred during JMS processing; nested exception is javax.jms.JMSException: Could not connect to broker URL: tcp://108.61.86.84:61616. Reason: java.net.ConnectException: Connection timed out: connect; nested exception is org.springframework.jms.UncategorizedJmsException: Uncategorized exception occurred during JMS processing; nested exception is javax.jms.JMSException: Could not connect to broker URL: tcp://108.61.86.84:61616. Reason: java.net.ConnectException: Connection timed out: connect" type="org.springframework.messaging.MessagingException">org.springframework.messaging.MessagingException: Uncategorized exception occurred during JMS processing; nested exception is javax.jms.JMSException: Could not connect to broker URL: tcp://108.61.86.84:61616. Reason: java.net.ConnectException: Connection timed out: connect; nested exception is org.springframework.jms.UncategorizedJmsException: Uncategorized exception occurred during JMS processing; nested exception is javax.jms.JMSException: Could not connect to broker URL: tcp://108.61.86.84:61616. Reason: java.net.ConnectException: Connection timed out: connect
	at org.talian.AppTest.contextLoads(AppTest.java:25)
Caused by: org.springframework.jms.UncategorizedJmsException: Uncategorized exception occurred during JMS processing; nested exception is javax.jms.JMSException: Could not connect to broker URL: tcp://108.61.86.84:61616. Reason: java.net.ConnectException: Connection timed out: connect
	at org.talian.AppTest.contextLoads(AppTest.java:25)
Caused by: javax.jms.JMSException: Could not connect to broker URL: tcp://108.61.86.84:61616. Reason: java.net.ConnectException: Connection timed out: connect
	at org.talian.AppTest.contextLoads(AppTest.java:25)
Caused by: java.net.ConnectException: Connection timed out: connect
	at org.talian.AppTest.contextLoads(AppTest.java:25)
</error>
    <system-out><![CDATA[18:20:08.403 [main] DEBUG org.springframework.test.context.junit4.SpringJUnit4ClassRunner - SpringJUnit4ClassRunner constructor called with [class org.talian.AppTest]
18:20:08.412 [main] DEBUG org.springframework.test.context.BootstrapUtils - Instantiating CacheAwareContextLoaderDelegate from class [org.springframework.test.context.cache.DefaultCacheAwareContextLoaderDelegate]
18:20:08.423 [main] DEBUG org.springframework.test.context.BootstrapUtils - Instantiating BootstrapContext using constructor [public org.springframework.test.context.support.DefaultBootstrapContext(java.lang.Class,org.springframework.test.context.CacheAwareContextLoaderDelegate)]
18:20:08.438 [main] DEBUG org.springframework.test.context.BootstrapUtils - Instantiating TestContextBootstrapper for test class [org.talian.AppTest] from class [org.springframework.boot.test.context.SpringBootTestContextBootstrapper]
18:20:08.450 [main] INFO org.springframework.boot.test.context.SpringBootTestContextBootstrapper - Neither @ContextConfiguration nor @ContextHierarchy found for test class [org.talian.AppTest], using SpringBootContextLoader
18:20:08.453 [main] DEBUG org.springframework.test.context.support.AbstractContextLoader - Did not detect default resource location for test class [org.talian.AppTest]: class path resource [org/talian/AppTest-context.xml] does not exist
18:20:08.453 [main] DEBUG org.springframework.test.context.support.AbstractContextLoader - Did not detect default resource location for test class [org.talian.AppTest]: class path resource [org/talian/AppTestContext.groovy] does not exist
18:20:08.453 [main] INFO org.springframework.test.context.support.AbstractContextLoader - Could not detect default resource locations for test class [org.talian.AppTest]: no resource found for suffixes {-context.xml, Context.groovy}.
18:20:08.485 [main] DEBUG org.springframework.test.context.support.ActiveProfilesUtils - Could not find an 'annotation declaring class' for annotation type [org.springframework.test.context.ActiveProfiles] and class [org.talian.AppTest]
18:20:08.617 [main] DEBUG org.springframework.boot.test.context.SpringBootTestContextBootstrapper - @TestExecutionListeners is not present for class [org.talian.AppTest]: using defaults.
18:20:08.617 [main] INFO org.springframework.boot.test.context.SpringBootTestContextBootstrapper - Loaded default TestExecutionListener class names from location [META-INF/spring.factories]: [org.springframework.boot.test.mock.mockito.MockitoTestExecutionListener, org.springframework.boot.test.mock.mockito.ResetMocksTestExecutionListener, org.springframework.boot.test.autoconfigure.restdocs.RestDocsTestExecutionListener, org.springframework.boot.test.autoconfigure.web.client.MockRestServiceServerResetTestExecutionListener, org.springframework.boot.test.autoconfigure.web.servlet.MockMvcPrintOnlyOnFailureTestExecutionListener, org.springframework.boot.test.autoconfigure.web.servlet.WebDriverTestExecutionListener, org.springframework.test.context.web.ServletTestExecutionListener, org.springframework.test.context.support.DirtiesContextBeforeModesTestExecutionListener, org.springframework.test.context.support.DependencyInjectionTestExecutionListener, org.springframework.test.context.support.DirtiesContextTestExecutionListener, org.springframework.test.context.transaction.TransactionalTestExecutionListener, org.springframework.test.context.jdbc.SqlScriptsTestExecutionListener]
18:20:08.639 [main] INFO org.springframework.boot.test.context.SpringBootTestContextBootstrapper - Using TestExecutionListeners: [org.springframework.test.context.web.ServletTestExecutionListener@223191a6, org.springframework.test.context.support.DirtiesContextBeforeModesTestExecutionListener@49139829, org.springframework.boot.test.mock.mockito.MockitoTestExecutionListener@9597028, org.springframework.boot.test.autoconfigure.SpringBootDependencyInjectionTestExecutionListener@6069db50, org.springframework.test.context.support.DirtiesContextTestExecutionListener@4efbca5a, org.springframework.test.context.transaction.TransactionalTestExecutionListener@1b7cc17c, org.springframework.test.context.jdbc.SqlScriptsTestExecutionListener@59662a0b, org.springframework.boot.test.mock.mockito.ResetMocksTestExecutionListener@77fbd92c, org.springframework.boot.test.autoconfigure.restdocs.RestDocsTestExecutionListener@67c27493, org.springframework.boot.test.autoconfigure.web.client.MockRestServiceServerResetTestExecutionListener@1a482e36, org.springframework.boot.test.autoconfigure.web.servlet.MockMvcPrintOnlyOnFailureTestExecutionListener@72967906, org.springframework.boot.test.autoconfigure.web.servlet.WebDriverTestExecutionListener@5b8dfcc1]
18:20:08.641 [main] DEBUG org.springframework.test.annotation.ProfileValueUtils - Retrieved @ProfileValueSourceConfiguration [null] for test class [org.talian.AppTest]
18:20:08.642 [main] DEBUG org.springframework.test.annotation.ProfileValueUtils - Retrieved ProfileValueSource type [class org.springframework.test.annotation.SystemProfileValueSource] for class [org.talian.AppTest]
18:20:08.643 [main] DEBUG org.springframework.test.annotation.ProfileValueUtils - Retrieved @ProfileValueSourceConfiguration [null] for test class [org.talian.AppTest]
18:20:08.644 [main] DEBUG org.springframework.test.annotation.ProfileValueUtils - Retrieved ProfileValueSource type [class org.springframework.test.annotation.SystemProfileValueSource] for class [org.talian.AppTest]
18:20:08.644 [main] DEBUG org.springframework.test.annotation.ProfileValueUtils - Retrieved @ProfileValueSourceConfiguration [null] for test class [org.talian.AppTest]
18:20:08.644 [main] DEBUG org.springframework.test.annotation.ProfileValueUtils - Retrieved ProfileValueSource type [class org.springframework.test.annotation.SystemProfileValueSource] for class [org.talian.AppTest]
18:20:08.648 [main] DEBUG org.springframework.test.context.support.AbstractDirtiesContextTestExecutionListener - Before test class: context [DefaultTestContext@31304f14 testClass = AppTest, testInstance = [null], testMethod = [null], testException = [null], mergedContextConfiguration = [WebMergedContextConfiguration@34a3d150 testClass = AppTest, locations = '{}', classes = '{class org.talian.App, class org.talian.App}', contextInitializerClasses = '[]', activeProfiles = '{}', propertySourceLocations = '{}', propertySourceProperties = '{org.springframework.boot.test.context.SpringBootTestContextBootstrapper=true}', contextCustomizers = set[org.springframework.boot.test.context.filter.ExcludeFilterContextCustomizer@68ceda24, org.springframework.boot.test.json.DuplicateJsonObjectContextCustomizerFactory$DuplicateJsonObjectContextCustomizer@1f021e6c, org.springframework.boot.test.mock.mockito.MockitoContextCustomizer@0, org.springframework.boot.test.web.client.TestRestTemplateContextCustomizer@3d0f8e03, org.springframework.boot.test.autoconfigure.properties.PropertyMappingContextCustomizer@0, org.springframework.boot.test.autoconfigure.web.servlet.WebDriverContextCustomizerFactory$Customizer@71d15f18], resourceBasePath = 'src/main/webapp', contextLoader = 'org.springframework.boot.test.context.SpringBootContextLoader', parent = [null]], attributes = map['org.springframework.test.context.web.ServletTestExecutionListener.activateListener' -> true]], class annotated with @DirtiesContext [false] with mode [null].
18:20:08.649 [main] DEBUG org.springframework.test.annotation.ProfileValueUtils - Retrieved @ProfileValueSourceConfiguration [null] for test class [org.talian.AppTest]
18:20:08.649 [main] DEBUG org.springframework.test.annotation.ProfileValueUtils - Retrieved ProfileValueSource type [class org.springframework.test.annotation.SystemProfileValueSource] for class [org.talian.AppTest]
18:20:08.675 [main] DEBUG org.springframework.core.env.StandardEnvironment - Adding PropertySource 'systemProperties' with lowest search precedence
18:20:08.675 [main] DEBUG org.springframework.core.env.StandardEnvironment - Adding PropertySource 'systemEnvironment' with lowest search precedence
18:20:08.675 [main] DEBUG org.springframework.core.env.StandardEnvironment - Initialized StandardEnvironment with PropertySources [MapPropertySource@2009221452 {name='systemProperties', properties={idea.version=2020.3, java.runtime.name=Java(TM) SE Runtime Environment, sun.boot.library.path=D:\Java\Java8\jdk\jre\bin, java.vm.version=25.181-b13, java.vm.vendor=Oracle Corporation, java.vendor.url=http://java.oracle.com/, path.separator=;, java.vm.name=Java HotSpot(TM) 64-Bit Server VM, file.encoding.pkg=sun.io, user.country=CN, user.script=, sun.java.launcher=SUN_STANDARD, sun.os.patch.level=, java.vm.specification.name=Java Virtual Machine Specification, user.dir=F:\DataSave\IDEATest\Java\SpringBootAndVue\Chapter12\12_1\20220510, java.runtime.version=1.8.0_181-b13, basedir=F:\DataSave\IDEATest\Java\SpringBootAndVue\Chapter12\12_1\20220510, java.awt.graphicsenv=sun.awt.Win32GraphicsEnvironment, java.endorsed.dirs=D:\Java\Java8\jdk\jre\lib\endorsed, os.arch=amd64, surefire.real.class.path=C:\Users\Talian\AppData\Local\Temp\surefire6179604442906157720\surefirebooter9176871235900073693.jar, java.io.tmpdir=C:\Users\Talian\AppData\Local\Temp\, line.separator=
, java.vm.specification.vendor=Oracle Corporation, user.variant=, os.name=Windows 10, sun.jnu.encoding=GBK, java.library.path=D:\Java\Java8\jdk\jre\bin;C:\Windows\Sun\Java\bin;C:\Windows\system32;C:\Windows;C:\Program Files\Microsoft\jdk-11.0.12.7-hotspot\bin;D:\Python\install\Scripts\;D:\Python\install\;D:\Java\Java11\jdk\bin;D:\Java\Java11\jdk\jre\bin;C:\Windows\system32;C:\Windows;C:\Windows\System32\Wbem;C:\Windows\System32\WindowsPowerShell\v1.0\;C:\Windows\System32\OpenSSH\;C:\Program Files\MySQL\MySQL Server 8.0\bin;D:\Maven\Maven3\install\apache-maven-3.8.2-bin\apache-maven-3.8.2\bin;C:\Program Files\Git\bin;D:\Environment\Nodejs\install\;D:\Putty\install\;C:\Program Files\Git\cmd;C:\Program Files (x86)\NVIDIA Corporation\PhysX\Common;C:\Program Files\Common Files\Autodesk Shared\;C:\Program Files\Microsoft SQL Server\120\Tools\Binn\;C:\Program Files\NVIDIA Corporation\NVIDIA NvDLISR;C:\Program Files (x86)\Calibre2\;C:\Program Files\MySQL\MySQL Shell 8.0\bin\;C:\Users\Talian\AppData\Local\Microsoft\WindowsApps;D:\VisualStudioCode\install\Microsoft VS Code\bin;C:\Users\Talian\AppData\Roaming\npm;Y:\games\InstallPackage\OnlineGames\qq游戏\QQGameTempest\Hall.57734\;., surefire.test.class.path=F:\DataSave\IDEATest\Java\SpringBootAndVue\Chapter12\12_1\20220510\target\test-classes;F:\DataSave\IDEATest\Java\SpringBootAndVue\Chapter12\12_1\20220510\target\classes;D:\Maven\Maven3\install\repository\org\springframework\boot\spring-boot-starter-web\2.0.4.RELEASE\spring-boot-starter-web-2.0.4.RELEASE.jar;D:\Maven\Maven3\install\repository\org\springframework\boot\spring-boot-starter\2.0.4.RELEASE\spring-boot-starter-2.0.4.RELEASE.jar;D:\Maven\Maven3\install\repository\org\springframework\boot\spring-boot\2.0.4.RELEASE\spring-boot-2.0.4.RELEASE.jar;D:\Maven\Maven3\install\repository\org\springframework\boot\spring-boot-autoconfigure\2.0.4.RELEASE\spring-boot-autoconfigure-2.0.4.RELEASE.jar;D:\Maven\Maven3\install\repository\org\springframework\boot\spring-boot-starter-logging\2.0.4.RELEASE\spring-boot-starter-logging-2.0.4.RELEASE.jar;D:\Maven\Maven3\install\repository\ch\qos\logback\logback-classic\1.2.3\logback-classic-1.2.3.jar;D:\Maven\Maven3\install\repository\ch\qos\logback\logback-core\1.2.3\logback-core-1.2.3.jar;D:\Maven\Maven3\install\repository\org\apache\logging\log4j\log4j-to-slf4j\2.10.0\log4j-to-slf4j-2.10.0.jar;D:\Maven\Maven3\install\repository\org\apache\logging\log4j\log4j-api\2.10.0\log4j-api-2.10.0.jar;D:\Maven\Maven3\install\repository\org\slf4j\jul-to-slf4j\1.7.25\jul-to-slf4j-1.7.25.jar;D:\Maven\Maven3\install\repository\javax\annotation\javax.annotation-api\1.3.2\javax.annotation-api-1.3.2.jar;D:\Maven\Maven3\install\repository\org\yaml\snakeyaml\1.19\snakeyaml-1.19.jar;D:\Maven\Maven3\install\repository\org\springframework\boot\spring-boot-starter-json\2.0.4.RELEASE\spring-boot-starter-json-2.0.4.RELEASE.jar;D:\Maven\Maven3\install\repository\com\fasterxml\jackson\core\jackson-databind\2.9.6\jackson-databind-2.9.6.jar;D:\Maven\Maven3\install\repository\com\fasterxml\jackson\core\jackson-annotations\2.9.0\jackson-annotations-2.9.0.jar;D:\Maven\Maven3\install\repository\com\fasterxml\jackson\core\jackson-core\2.9.6\jackson-core-2.9.6.jar;D:\Maven\Maven3\install\repository\com\fasterxml\jackson\datatype\jackson-datatype-jdk8\2.9.6\jackson-datatype-jdk8-2.9.6.jar;D:\Maven\Maven3\install\repository\com\fasterxml\jackson\datatype\jackson-datatype-jsr310\2.9.6\jackson-datatype-jsr310-2.9.6.jar;D:\Maven\Maven3\install\repository\com\fasterxml\jackson\module\jackson-module-parameter-names\2.9.6\jackson-module-parameter-names-2.9.6.jar;D:\Maven\Maven3\install\repository\org\springframework\boot\spring-boot-starter-tomcat\2.0.4.RELEASE\spring-boot-starter-tomcat-2.0.4.RELEASE.jar;D:\Maven\Maven3\install\repository\org\apache\tomcat\embed\tomcat-embed-core\8.5.32\tomcat-embed-core-8.5.32.jar;D:\Maven\Maven3\install\repository\org\apache\tomcat\embed\tomcat-embed-el\8.5.32\tomcat-embed-el-8.5.32.jar;D:\Maven\Maven3\install\repository\org\apache\tomcat\embed\tomcat-embed-websocket\8.5.32\tomcat-embed-websocket-8.5.32.jar;D:\Maven\Maven3\install\repository\org\hibernate\validator\hibernate-validator\6.0.11.Final\hibernate-validator-6.0.11.Final.jar;D:\Maven\Maven3\install\repository\javax\validation\validation-api\2.0.1.Final\validation-api-2.0.1.Final.jar;D:\Maven\Maven3\install\repository\org\jboss\logging\jboss-logging\3.3.2.Final\jboss-logging-3.3.2.Final.jar;D:\Maven\Maven3\install\repository\com\fasterxml\classmate\1.3.4\classmate-1.3.4.jar;D:\Maven\Maven3\install\repository\org\springframework\spring-web\5.0.8.RELEASE\spring-web-5.0.8.RELEASE.jar;D:\Maven\Maven3\install\repository\org\springframework\spring-beans\5.0.8.RELEASE\spring-beans-5.0.8.RELEASE.jar;D:\Maven\Maven3\install\repository\org\springframework\spring-webmvc\5.0.8.RELEASE\spring-webmvc-5.0.8.RELEASE.jar;D:\Maven\Maven3\install\repository\org\springframework\spring-aop\5.0.8.RELEASE\spring-aop-5.0.8.RELEASE.jar;D:\Maven\Maven3\install\repository\org\springframework\spring-context\5.0.8.RELEASE\spring-context-5.0.8.RELEASE.jar;D:\Maven\Maven3\install\repository\org\springframework\spring-expression\5.0.8.RELEASE\spring-expression-5.0.8.RELEASE.jar;D:\Maven\Maven3\install\repository\org\springframework\boot\spring-boot-starter-thymeleaf\2.0.4.RELEASE\spring-boot-starter-thymeleaf-2.0.4.RELEASE.jar;D:\Maven\Maven3\install\repository\org\thymeleaf\thymeleaf-spring5\3.0.9.RELEASE\thymeleaf-spring5-3.0.9.RELEASE.jar;D:\Maven\Maven3\install\repository\org\thymeleaf\thymeleaf\3.0.9.RELEASE\thymeleaf-3.0.9.RELEASE.jar;D:\Maven\Maven3\install\repository\org\attoparser\attoparser\2.0.4.RELEASE\attoparser-2.0.4.RELEASE.jar;D:\Maven\Maven3\install\repository\org\unbescape\unbescape\1.1.5.RELEASE\unbescape-1.1.5.RELEASE.jar;D:\Maven\Maven3\install\repository\org\slf4j\slf4j-api\1.7.25\slf4j-api-1.7.25.jar;D:\Maven\Maven3\install\repository\org\thymeleaf\extras\thymeleaf-extras-java8time\3.0.1.RELEASE\thymeleaf-extras-java8time-3.0.1.RELEASE.jar;D:\Maven\Maven3\install\repository\org\springframework\boot\spring-boot-starter-activemq\2.0.4.RELEASE\spring-boot-starter-activemq-2.0.4.RELEASE.jar;D:\Maven\Maven3\install\repository\org\springframework\spring-jms\5.0.8.RELEASE\spring-jms-5.0.8.RELEASE.jar;D:\Maven\Maven3\install\repository\org\springframework\spring-messaging\5.0.8.RELEASE\spring-messaging-5.0.8.RELEASE.jar;D:\Maven\Maven3\install\repository\org\springframework\spring-tx\5.0.8.RELEASE\spring-tx-5.0.8.RELEASE.jar;D:\Maven\Maven3\install\repository\org\apache\activemq\activemq-broker\5.15.4\activemq-broker-5.15.4.jar;D:\Maven\Maven3\install\repository\org\apache\activemq\activemq-client\5.15.4\activemq-client-5.15.4.jar;D:\Maven\Maven3\install\repository\org\fusesource\hawtbuf\hawtbuf\1.11\hawtbuf-1.11.jar;D:\Maven\Maven3\install\repository\org\apache\geronimo\specs\geronimo-j2ee-management_1.1_spec\1.0.1\geronimo-j2ee-management_1.1_spec-1.0.1.jar;D:\Maven\Maven3\install\repository\org\apache\activemq\activemq-openwire-legacy\5.15.4\activemq-openwire-legacy-5.15.4.jar;D:\Maven\Maven3\install\repository\com\google\guava\guava\18.0\guava-18.0.jar;D:\Maven\Maven3\install\repository\javax\jms\javax.jms-api\2.0.1\javax.jms-api-2.0.1.jar;D:\Maven\Maven3\install\repository\org\springframework\boot\spring-boot-starter-test\2.0.4.RELEASE\spring-boot-starter-test-2.0.4.RELEASE.jar;D:\Maven\Maven3\install\repository\org\springframework\boot\spring-boot-test\2.0.4.RELEASE\spring-boot-test-2.0.4.RELEASE.jar;D:\Maven\Maven3\install\repository\org\springframework\boot\spring-boot-test-autoconfigure\2.0.4.RELEASE\spring-boot-test-autoconfigure-2.0.4.RELEASE.jar;D:\Maven\Maven3\install\repository\com\jayway\jsonpath\json-path\2.4.0\json-path-2.4.0.jar;D:\Maven\Maven3\install\repository\net\minidev\json-smart\2.3\json-smart-2.3.jar;D:\Maven\Maven3\install\repository\net\minidev\accessors-smart\1.2\accessors-smart-1.2.jar;D:\Maven\Maven3\install\repository\org\ow2\asm\asm\5.0.4\asm-5.0.4.jar;D:\Maven\Maven3\install\repository\junit\junit\4.12\junit-4.12.jar;D:\Maven\Maven3\install\repository\org\assertj\assertj-core\3.9.1\assertj-core-3.9.1.jar;D:\Maven\Maven3\install\repository\org\mockito\mockito-core\2.15.0\mockito-core-2.15.0.jar;D:\Maven\Maven3\install\repository\net\bytebuddy\byte-buddy\1.7.11\byte-buddy-1.7.11.jar;D:\Maven\Maven3\install\repository\net\bytebuddy\byte-buddy-agent\1.7.11\byte-buddy-agent-1.7.11.jar;D:\Maven\Maven3\install\repository\org\objenesis\objenesis\2.6\objenesis-2.6.jar;D:\Maven\Maven3\install\repository\org\hamcrest\hamcrest-core\1.3\hamcrest-core-1.3.jar;D:\Maven\Maven3\install\repository\org\hamcrest\hamcrest-library\1.3\hamcrest-library-1.3.jar;D:\Maven\Maven3\install\repository\org\skyscreamer\jsonassert\1.5.0\jsonassert-1.5.0.jar;D:\Maven\Maven3\install\repository\com\vaadin\external\google\android-json\0.0.20131108.vaadin1\android-json-0.0.20131108.vaadin1.jar;D:\Maven\Maven3\install\repository\org\springframework\spring-core\5.0.8.RELEASE\spring-core-5.0.8.RELEASE.jar;D:\Maven\Maven3\install\repository\org\springframework\spring-jcl\5.0.8.RELEASE\spring-jcl-5.0.8.RELEASE.jar;D:\Maven\Maven3\install\repository\org\springframework\spring-test\5.0.8.RELEASE\spring-test-5.0.8.RELEASE.jar;D:\Maven\Maven3\install\repository\org\xmlunit\xmlunit-core\2.5.1\xmlunit-core-2.5.1.jar;, java.specification.name=Java Platform API Specification, java.class.version=52.0, sun.management.compiler=HotSpot 64-Bit Tiered Compilers, maven.repo.local=D:\Maven\Maven3\install\repository, os.version=10.0, user.home=C:\Users\Talian, user.timezone=Asia/Shanghai, java.awt.printerjob=sun.awt.windows.WPrinterJob, file.encoding=GBK, java.specification.version=1.8, java.class.path=F:\DataSave\IDEATest\Java\SpringBootAndVue\Chapter12\12_1\20220510\target\test-classes;F:\DataSave\IDEATest\Java\SpringBootAndVue\Chapter12\12_1\20220510\target\classes;D:\Maven\Maven3\install\repository\org\springframework\boot\spring-boot-starter-web\2.0.4.RELEASE\spring-boot-starter-web-2.0.4.RELEASE.jar;D:\Maven\Maven3\install\repository\org\springframework\boot\spring-boot-starter\2.0.4.RELEASE\spring-boot-starter-2.0.4.RELEASE.jar;D:\Maven\Maven3\install\repository\org\springframework\boot\spring-boot\2.0.4.RELEASE\spring-boot-2.0.4.RELEASE.jar;D:\Maven\Maven3\install\repository\org\springframework\boot\spring-boot-autoconfigure\2.0.4.RELEASE\spring-boot-autoconfigure-2.0.4.RELEASE.jar;D:\Maven\Maven3\install\repository\org\springframework\boot\spring-boot-starter-logging\2.0.4.RELEASE\spring-boot-starter-logging-2.0.4.RELEASE.jar;D:\Maven\Maven3\install\repository\ch\qos\logback\logback-classic\1.2.3\logback-classic-1.2.3.jar;D:\Maven\Maven3\install\repository\ch\qos\logback\logback-core\1.2.3\logback-core-1.2.3.jar;D:\Maven\Maven3\install\repository\org\apache\logging\log4j\log4j-to-slf4j\2.10.0\log4j-to-slf4j-2.10.0.jar;D:\Maven\Maven3\install\repository\org\apache\logging\log4j\log4j-api\2.10.0\log4j-api-2.10.0.jar;D:\Maven\Maven3\install\repository\org\slf4j\jul-to-slf4j\1.7.25\jul-to-slf4j-1.7.25.jar;D:\Maven\Maven3\install\repository\javax\annotation\javax.annotation-api\1.3.2\javax.annotation-api-1.3.2.jar;D:\Maven\Maven3\install\repository\org\yaml\snakeyaml\1.19\snakeyaml-1.19.jar;D:\Maven\Maven3\install\repository\org\springframework\boot\spring-boot-starter-json\2.0.4.RELEASE\spring-boot-starter-json-2.0.4.RELEASE.jar;D:\Maven\Maven3\install\repository\com\fasterxml\jackson\core\jackson-databind\2.9.6\jackson-databind-2.9.6.jar;D:\Maven\Maven3\install\repository\com\fasterxml\jackson\core\jackson-annotations\2.9.0\jackson-annotations-2.9.0.jar;D:\Maven\Maven3\install\repository\com\fasterxml\jackson\core\jackson-core\2.9.6\jackson-core-2.9.6.jar;D:\Maven\Maven3\install\repository\com\fasterxml\jackson\datatype\jackson-datatype-jdk8\2.9.6\jackson-datatype-jdk8-2.9.6.jar;D:\Maven\Maven3\install\repository\com\fasterxml\jackson\datatype\jackson-datatype-jsr310\2.9.6\jackson-datatype-jsr310-2.9.6.jar;D:\Maven\Maven3\install\repository\com\fasterxml\jackson\module\jackson-module-parameter-names\2.9.6\jackson-module-parameter-names-2.9.6.jar;D:\Maven\Maven3\install\repository\org\springframework\boot\spring-boot-starter-tomcat\2.0.4.RELEASE\spring-boot-starter-tomcat-2.0.4.RELEASE.jar;D:\Maven\Maven3\install\repository\org\apache\tomcat\embed\tomcat-embed-core\8.5.32\tomcat-embed-core-8.5.32.jar;D:\Maven\Maven3\install\repository\org\apache\tomcat\embed\tomcat-embed-el\8.5.32\tomcat-embed-el-8.5.32.jar;D:\Maven\Maven3\install\repository\org\apache\tomcat\embed\tomcat-embed-websocket\8.5.32\tomcat-embed-websocket-8.5.32.jar;D:\Maven\Maven3\install\repository\org\hibernate\validator\hibernate-validator\6.0.11.Final\hibernate-validator-6.0.11.Final.jar;D:\Maven\Maven3\install\repository\javax\validation\validation-api\2.0.1.Final\validation-api-2.0.1.Final.jar;D:\Maven\Maven3\install\repository\org\jboss\logging\jboss-logging\3.3.2.Final\jboss-logging-3.3.2.Final.jar;D:\Maven\Maven3\install\repository\com\fasterxml\classmate\1.3.4\classmate-1.3.4.jar;D:\Maven\Maven3\install\repository\org\springframework\spring-web\5.0.8.RELEASE\spring-web-5.0.8.RELEASE.jar;D:\Maven\Maven3\install\repository\org\springframework\spring-beans\5.0.8.RELEASE\spring-beans-5.0.8.RELEASE.jar;D:\Maven\Maven3\install\repository\org\springframework\spring-webmvc\5.0.8.RELEASE\spring-webmvc-5.0.8.RELEASE.jar;D:\Maven\Maven3\install\repository\org\springframework\spring-aop\5.0.8.RELEASE\spring-aop-5.0.8.RELEASE.jar;D:\Maven\Maven3\install\repository\org\springframework\spring-context\5.0.8.RELEASE\spring-context-5.0.8.RELEASE.jar;D:\Maven\Maven3\install\repository\org\springframework\spring-expression\5.0.8.RELEASE\spring-expression-5.0.8.RELEASE.jar;D:\Maven\Maven3\install\repository\org\springframework\boot\spring-boot-starter-thymeleaf\2.0.4.RELEASE\spring-boot-starter-thymeleaf-2.0.4.RELEASE.jar;D:\Maven\Maven3\install\repository\org\thymeleaf\thymeleaf-spring5\3.0.9.RELEASE\thymeleaf-spring5-3.0.9.RELEASE.jar;D:\Maven\Maven3\install\repository\org\thymeleaf\thymeleaf\3.0.9.RELEASE\thymeleaf-3.0.9.RELEASE.jar;D:\Maven\Maven3\install\repository\org\attoparser\attoparser\2.0.4.RELEASE\attoparser-2.0.4.RELEASE.jar;D:\Maven\Maven3\install\repository\org\unbescape\unbescape\1.1.5.RELEASE\unbescape-1.1.5.RELEASE.jar;D:\Maven\Maven3\install\repository\org\slf4j\slf4j-api\1.7.25\slf4j-api-1.7.25.jar;D:\Maven\Maven3\install\repository\org\thymeleaf\extras\thymeleaf-extras-java8time\3.0.1.RELEASE\thymeleaf-extras-java8time-3.0.1.RELEASE.jar;D:\Maven\Maven3\install\repository\org\springframework\boot\spring-boot-starter-activemq\2.0.4.RELEASE\spring-boot-starter-activemq-2.0.4.RELEASE.jar;D:\Maven\Maven3\install\repository\org\springframework\spring-jms\5.0.8.RELEASE\spring-jms-5.0.8.RELEASE.jar;D:\Maven\Maven3\install\repository\org\springframework\spring-messaging\5.0.8.RELEASE\spring-messaging-5.0.8.RELEASE.jar;D:\Maven\Maven3\install\repository\org\springframework\spring-tx\5.0.8.RELEASE\spring-tx-5.0.8.RELEASE.jar;D:\Maven\Maven3\install\repository\org\apache\activemq\activemq-broker\5.15.4\activemq-broker-5.15.4.jar;D:\Maven\Maven3\install\repository\org\apache\activemq\activemq-client\5.15.4\activemq-client-5.15.4.jar;D:\Maven\Maven3\install\repository\org\fusesource\hawtbuf\hawtbuf\1.11\hawtbuf-1.11.jar;D:\Maven\Maven3\install\repository\org\apache\geronimo\specs\geronimo-j2ee-management_1.1_spec\1.0.1\geronimo-j2ee-management_1.1_spec-1.0.1.jar;D:\Maven\Maven3\install\repository\org\apache\activemq\activemq-openwire-legacy\5.15.4\activemq-openwire-legacy-5.15.4.jar;D:\Maven\Maven3\install\repository\com\google\guava\guava\18.0\guava-18.0.jar;D:\Maven\Maven3\install\repository\javax\jms\javax.jms-api\2.0.1\javax.jms-api-2.0.1.jar;D:\Maven\Maven3\install\repository\org\springframework\boot\spring-boot-starter-test\2.0.4.RELEASE\spring-boot-starter-test-2.0.4.RELEASE.jar;D:\Maven\Maven3\install\repository\org\springframework\boot\spring-boot-test\2.0.4.RELEASE\spring-boot-test-2.0.4.RELEASE.jar;D:\Maven\Maven3\install\repository\org\springframework\boot\spring-boot-test-autoconfigure\2.0.4.RELEASE\spring-boot-test-autoconfigure-2.0.4.RELEASE.jar;D:\Maven\Maven3\install\repository\com\jayway\jsonpath\json-path\2.4.0\json-path-2.4.0.jar;D:\Maven\Maven3\install\repository\net\minidev\json-smart\2.3\json-smart-2.3.jar;D:\Maven\Maven3\install\repository\net\minidev\accessors-smart\1.2\accessors-smart-1.2.jar;D:\Maven\Maven3\install\repository\org\ow2\asm\asm\5.0.4\asm-5.0.4.jar;D:\Maven\Maven3\install\repository\junit\junit\4.12\junit-4.12.jar;D:\Maven\Maven3\install\repository\org\assertj\assertj-core\3.9.1\assertj-core-3.9.1.jar;D:\Maven\Maven3\install\repository\org\mockito\mockito-core\2.15.0\mockito-core-2.15.0.jar;D:\Maven\Maven3\install\repository\net\bytebuddy\byte-buddy\1.7.11\byte-buddy-1.7.11.jar;D:\Maven\Maven3\install\repository\net\bytebuddy\byte-buddy-agent\1.7.11\byte-buddy-agent-1.7.11.jar;D:\Maven\Maven3\install\repository\org\objenesis\objenesis\2.6\objenesis-2.6.jar;D:\Maven\Maven3\install\repository\org\hamcrest\hamcrest-core\1.3\hamcrest-core-1.3.jar;D:\Maven\Maven3\install\repository\org\hamcrest\hamcrest-library\1.3\hamcrest-library-1.3.jar;D:\Maven\Maven3\install\repository\org\skyscreamer\jsonassert\1.5.0\jsonassert-1.5.0.jar;D:\Maven\Maven3\install\repository\com\vaadin\external\google\android-json\0.0.20131108.vaadin1\android-json-0.0.20131108.vaadin1.jar;D:\Maven\Maven3\install\repository\org\springframework\spring-core\5.0.8.RELEASE\spring-core-5.0.8.RELEASE.jar;D:\Maven\Maven3\install\repository\org\springframework\spring-jcl\5.0.8.RELEASE\spring-jcl-5.0.8.RELEASE.jar;D:\Maven\Maven3\install\repository\org\springframework\spring-test\5.0.8.RELEASE\spring-test-5.0.8.RELEASE.jar;D:\Maven\Maven3\install\repository\org\xmlunit\xmlunit-core\2.5.1\xmlunit-core-2.5.1.jar;, user.name=Talian, java.vm.specification.version=1.8, sun.java.command=C:\Users\Talian\AppData\Local\Temp\surefire6179604442906157720\surefirebooter9176871235900073693.jar C:\Users\Talian\AppData\Local\Temp\surefire6179604442906157720 2022-05-10T18-20-07_237-jvmRun1 surefire8273926931113756320tmp surefire_03095288116874551423tmp, java.home=D:\Java\Java8\jdk\jre, sun.arch.data.model=64, user.language=zh, java.specification.vendor=Oracle Corporation, awt.toolkit=sun.awt.windows.WToolkit, java.vm.info=mixed mode, java.version=1.8.0_181, java.ext.dirs=D:\Java\Java8\jdk\jre\lib\ext;C:\Windows\Sun\Java\lib\ext, sun.boot.class.path=D:\Java\Java8\jdk\jre\lib\resources.jar;D:\Java\Java8\jdk\jre\lib\rt.jar;D:\Java\Java8\jdk\jre\lib\sunrsasign.jar;D:\Java\Java8\jdk\jre\lib\jsse.jar;D:\Java\Java8\jdk\jre\lib\jce.jar;D:\Java\Java8\jdk\jre\lib\charsets.jar;D:\Java\Java8\jdk\jre\lib\jfr.jar;D:\Java\Java8\jdk\jre\classes, java.vendor=Oracle Corporation, localRepository=D:\Maven\Maven3\install\repository, file.separator=\, java.vendor.url.bug=http://bugreport.sun.com/bugreport/, sun.io.unicode.encoding=UnicodeLittle, sun.cpu.endian=little, sun.desktop=windows, sun.cpu.isalist=amd64}}, SystemEnvironmentPropertySource@257513673 {name='systemEnvironment', properties={PATH=C:\Program Files\Microsoft\jdk-11.0.12.7-hotspot\bin;D:\Python\install\Scripts\;D:\Python\install\;D:\Java\Java11\jdk\bin;D:\Java\Java11\jdk\jre\bin;C:\Windows\system32;C:\Windows;C:\Windows\System32\Wbem;C:\Windows\System32\WindowsPowerShell\v1.0\;C:\Windows\System32\OpenSSH\;C:\Program Files\MySQL\MySQL Server 8.0\bin;D:\Maven\Maven3\install\apache-maven-3.8.2-bin\apache-maven-3.8.2\bin;C:\Program Files\Git\bin;D:\Environment\Nodejs\install\;D:\Putty\install\;C:\Program Files\Git\cmd;C:\Program Files (x86)\NVIDIA Corporation\PhysX\Common;C:\Program Files\Common Files\Autodesk Shared\;C:\Program Files\Microsoft SQL Server\120\Tools\Binn\;C:\Program Files\NVIDIA Corporation\NVIDIA NvDLISR;C:\Program Files (x86)\Calibre2\;C:\Program Files\MySQL\MySQL Shell 8.0\bin\;C:\Users\Talian\AppData\Local\Microsoft\WindowsApps;D:\VisualStudioCode\install\Microsoft VS Code\bin;C:\Users\Talian\AppData\Roaming\npm;Y:\games\InstallPackage\OnlineGames\qq游戏\QQGameTempest\Hall.57734\, USERDOMAIN_ROAMINGPROFILE=DESKTOP-BG8MJQJ, GIT_HOME=C:\Program Files\Git, LOCALAPPDATA=C:\Users\Talian\AppData\Local, PROCESSOR_LEVEL=6, SYSTEMDRIVE=C:, COMMONPROGRAMFILES(X86)=C:\Program Files (x86)\Common Files, USERDOMAIN=DESKTOP-BG8MJQJ, LOGONSERVER=\\DESKTOP-BG8MJQJ, PROMPT=$P$G, JAVA8_HOME=D:\Java\Java8\jdk, ALLUSERSPROFILE=C:\ProgramData, JAVA11_HOME=D:\Java\Java11\jdk, PROGRAMFILES(X86)=C:\Program Files (x86), PROCESSOR_ARCHITECTURE=AMD64, MYSQL8_HOME=C:\Program Files\MySQL\MySQL Server 8.0, __COMPAT_LAYER=RunAsAdmin, ADSK_3DSMAX_X64_2021=D:\3dsMax\install\3ds Max 2021\, DRIVERDATA=C:\Windows\System32\Drivers\DriverData, PROGRAMFILES=C:\Program Files, APPDATA=C:\Users\Talian\AppData\Roaming, PSMODULEPATH=C:\Program Files\WindowsPowerShell\Modules;C:\Windows\system32\WindowsPowerShell\v1.0\Modules, PROGRAMW6432=C:\Program Files, PROGRAMDATA=C:\ProgramData, SYSTEMROOT=C:\Windows, USERNAME=Talian, ONEDRIVE=C:\Users\Talian\OneDrive, PATHEXT=.COM;.EXE;.BAT;.CMD;.VBS;.VBE;.JS;.JSE;.WSF;.WSH;.MSC;.PY;.PYW, OS=Windows_NT, COMMONPROGRAMW6432=C:\Program Files\Common Files, COMPUTERNAME=DESKTOP-BG8MJQJ, COMMONPROGRAMFILES=C:\Program Files\Common Files, COMSPEC=C:\Windows\system32\cmd.exe, PROCESSOR_REVISION=a701, WINDIR=C:\Windows, =F:=F:\DataSave\IDEATest\Java\SpringBootAndVue\Chapter12\12_1\20220510, MAVEN3_HOME=D:\Maven\Maven3\install\apache-maven-3.8.2-bin\apache-maven-3.8.2, HOMEPATH=\Users\Talian, TEMP=C:\Users\Talian\AppData\Local\Temp, HOMEDRIVE=C:, PROCESSOR_IDENTIFIER=Intel64 Family 6 Model 167 Stepping 1, GenuineIntel, USERPROFILE=C:\Users\Talian, TMP=C:\Users\Talian\AppData\Local\Temp, PUBLIC=C:\Users\Public, NUMBER_OF_PROCESSORS=12, IDEA_INITIAL_DIRECTORY=C:\Users\Talian\Desktop}}]
18:20:08.678 [main] DEBUG org.springframework.test.context.support.TestPropertySourceUtils - Adding inlined properties to environment: {spring.jmx.enabled=false, org.springframework.boot.test.context.SpringBootTestContextBootstrapper=true, server.port=-1}
18:20:08.678 [main] DEBUG org.springframework.core.env.StandardEnvironment - Adding PropertySource 'Inlined Test Properties' with highest search precedence

  .   ____          _            __ _ _
 /\\ / ___'_ __ _ _(_)_ __  __ _ \ \ \ \
( ( )\___ | '_ | '_| | '_ \/ _` | \ \ \ \
 \\/  ___)| |_)| | | | | || (_| |  ) ) ) )
  '  |____| .__|_| |_|_| |_\__, | / / / /
 =========|_|==============|___/=/_/_/_/
 :: Spring Boot ::        (v2.0.4.RELEASE)

2022-05-10 18:20:08.941  INFO 91112 --- [           main] org.talian.AppTest                       : Starting AppTest on DESKTOP-BG8MJQJ with PID 91112 (started by Talian in F:\DataSave\IDEATest\Java\SpringBootAndVue\Chapter12\12_1\20220510)
2022-05-10 18:20:08.942  INFO 91112 --- [           main] org.talian.AppTest                       : No active profile set, falling back to default profiles: default
2022-05-10 18:20:08.977  INFO 91112 --- [           main] o.s.w.c.s.GenericWebApplicationContext   : Refreshing org.springframework.web.context.support.GenericWebApplicationContext@1ed6388a: startup date [Tue May 10 18:20:08 CST 2022]; root of context hierarchy
2022-05-10 18:20:10.270  INFO 91112 --- [           main] o.s.w.s.handler.SimpleUrlHandlerMapping  : Mapped URL path [/**/favicon.ico] onto handler of type [class org.springframework.web.servlet.resource.ResourceHttpRequestHandler]
2022-05-10 18:20:10.450  INFO 91112 --- [           main] s.w.s.m.m.a.RequestMappingHandlerAdapter : Looking for @ControllerAdvice: org.springframework.web.context.support.GenericWebApplicationContext@1ed6388a: startup date [Tue May 10 18:20:08 CST 2022]; root of context hierarchy
2022-05-10 18:20:10.539  INFO 91112 --- [           main] s.w.s.m.m.a.RequestMappingHandlerMapping : Mapped "{[/error]}" onto public org.springframework.http.ResponseEntity<java.util.Map<java.lang.String, java.lang.Object>> org.springframework.boot.autoconfigure.web.servlet.error.BasicErrorController.error(javax.servlet.http.HttpServletRequest)
2022-05-10 18:20:10.541  INFO 91112 --- [           main] s.w.s.m.m.a.RequestMappingHandlerMapping : Mapped "{[/error],produces=[text/html]}" onto public org.springframework.web.servlet.ModelAndView org.springframework.boot.autoconfigure.web.servlet.error.BasicErrorController.errorHtml(javax.servlet.http.HttpServletRequest,javax.servlet.http.HttpServletResponse)
2022-05-10 18:20:10.560  INFO 91112 --- [           main] o.s.w.s.handler.SimpleUrlHandlerMapping  : Mapped URL path [/webjars/**] onto handler of type [class org.springframework.web.servlet.resource.ResourceHttpRequestHandler]
2022-05-10 18:20:10.560  INFO 91112 --- [           main] o.s.w.s.handler.SimpleUrlHandlerMapping  : Mapped URL path [/**] onto handler of type [class org.springframework.web.servlet.resource.ResourceHttpRequestHandler]
2022-05-10 18:20:10.608  WARN 91112 --- [           main] ion$DefaultTemplateResolverConfiguration : Cannot find template location: classpath:/templates/ (please add some templates or check your Thymeleaf configuration)
2022-05-10 18:20:11.356  INFO 91112 --- [           main] o.s.c.support.DefaultLifecycleProcessor  : Starting beans in phase 2147483647
2022-05-10 18:20:32.579  INFO 91112 --- [           main] org.talian.AppTest                       : Started AppTest in 23.889 seconds (JVM running for 24.594)
2022-05-10 18:20:37.582  INFO 91112 --- [enerContainer-1] o.s.j.l.DefaultMessageListenerContainer  : JMS message listener invoker needs to establish shared Connection
]]></system-out>
  </testcase>
</testsuite>